<?xml version="1.0" encoding="UTF-8"?>
<!-- Generated by org.testng.reporters.JUnitReportReporter -->
<testsuite hostname="USER" name="TestCases.VerifyLoginPageReportWithScreenShot" tests="1" failures="0" timestamp="6 Oct 2016 12:15:36 GMT" time="47.074" errors="0">
  <testcase name="testHomePage" time="47.074" classname="TestCases.VerifyLoginPageReportWithScreenShot"/>
</testsuite> <!-- TestCases.VerifyLoginPageReportWithScreenShot -->
