<?xml version="1.0" encoding="UTF-8"?>
<!-- Generated by org.testng.reporters.JUnitReportReporter -->
<testsuite hostname="USER" name="TestCases.VerifyLoginPageReport" tests="1" failures="0" timestamp="5 Oct 2016 17:26:05 GMT" time="51.665" errors="0">
  <testcase name="testHomePage" time="51.665" classname="TestCases.VerifyLoginPageReport"/>
</testsuite> <!-- TestCases.VerifyLoginPageReport -->
