<?xml version="1.0" encoding="UTF-8"?>
<!-- Generated by org.testng.reporters.JUnitReportReporter -->
<testsuite hostname="USER" name="TestCases.VerifyLoginPageReportWithScreenShot" tests="1" failures="0" timestamp="10 Oct 2016 05:43:09 GMT" time="84.060" errors="0">
  <testcase name="testHomePage" time="84.060" classname="TestCases.VerifyLoginPageReportWithScreenShot"/>
</testsuite> <!-- TestCases.VerifyLoginPageReportWithScreenShot -->
