<?xml version="1.0" encoding="UTF-8"?>
<!-- Generated by org.testng.reporters.JUnitReportReporter -->
<testsuite hostname="USER" name="TestCases.VerifyLoginPage" tests="1" failures="0" timestamp="5 Oct 2016 16:55:53 GMT" time="50.690" errors="0">
  <testcase name="testHomePage" time="50.690" classname="TestCases.VerifyLoginPage"/>
</testsuite> <!-- TestCases.VerifyLoginPage -->
